<?xml version="1.0" encoding="UTF-8"?>
<!-- Generated by org.testng.reporters.JUnitReportReporter -->
<testsuite hostname="HAIDAR" failures="0" tests="1" name="org.haidar.cucumberbdd.FailedTestRunner" time="2.089" errors="1" timestamp="2025-04-05T22:09:33 IST" skipped="0">
  <testcase classname="org.haidar.cucumberbdd.FailedTestRunner" name="runScenario" time="2.089">
    <error message="Cannot invoke &quot;com.aventstack.extentreports.ExtentReports.createTest(String)&quot; because &quot;org.haidar.cucumberbdd.StepDefinitions.extent&quot; is null" type="java.lang.NullPointerException">
      <![CDATA[java.lang.NullPointerException: Cannot invoke "com.aventstack.extentreports.ExtentReports.createTest(String)" because "org.haidar.cucumberbdd.StepDefinitions.extent" is null
at org.haidar.cucumberbdd.StepDefinitions.initializeTest(StepDefinitions.java:31)
]]>
    </error>
  </testcase> <!-- runScenario -->
</testsuite> <!-- org.haidar.cucumberbdd.FailedTestRunner -->
